[debug] [2021-03-26T06:00:24.187Z] ----------------------------------------------------------------------
[debug] [2021-03-26T06:00:24.190Z] Command:       C:\Program Files\nodejs\node.exe C:\Users\harkamal singh\AppData\Roaming\npm\node_modules\firebase-tools\lib\bin\firebase.js init
[debug] [2021-03-26T06:00:24.190Z] CLI Version:   9.6.1
[debug] [2021-03-26T06:00:24.190Z] Platform:      win32
[debug] [2021-03-26T06:00:24.191Z] Node Version:  v14.15.5
[debug] [2021-03-26T06:00:24.192Z] Time:          Fri Mar 26 2021 11:30:24 GMT+0530 (India Standard Time)
[debug] [2021-03-26T06:00:24.192Z] ----------------------------------------------------------------------
[debug] [2021-03-26T06:00:24.192Z] 
[debug] [2021-03-26T06:00:24.199Z] > command requires scopes: ["email","openid","https://www.googleapis.com/auth/cloudplatformprojects.readonly","https://www.googleapis.com/auth/firebase","https://www.googleapis.com/auth/cloud-platform"]
[debug] [2021-03-26T06:00:24.200Z] > authorizing via signed-in user
[info] 
     ######## #### ########  ######## ########     ###     ######  ########
     ##        ##  ##     ## ##       ##     ##  ##   ##  ##       ##
     ######    ##  ########  ######   ########  #########  ######  ######
     ##        ##  ##    ##  ##       ##     ## ##     ##       ## ##
     ##       #### ##     ## ######## ########  ##     ##  ######  ########

You're about to initialize a Firebase project in this directory:

  D:\cart

[info] 
=== Project Setup
[info] 
[info] First, let's associate this project directory with a Firebase project.
[info] You can create multiple project aliases by running firebase use --add, 
[info] but for now we'll just set up a default project.
[info] 
[debug] [2021-03-26T06:00:42.592Z] >>> [apiv2][query] GET https://firebase.googleapis.com/v1beta1/projects pageSize=100
[debug] [2021-03-26T06:00:43.212Z] <<< [apiv2][status] GET https://firebase.googleapis.com/v1beta1/projects 200
[debug] [2021-03-26T06:00:43.212Z] <<< [apiv2][body] GET https://firebase.googleapis.com/v1beta1/projects [omitted]
[info] i  Using project flipkart-clone-976034 (flipkart-clone-976034) 
[info] 
=== Hosting Setup
[info] 
[info] Your public directory is the folder (relative to your project directory) that
[info] will contain Hosting assets to be uploaded with firebase deploy. If you
[info] have a build process for your assets, use your build's output directory.
[info] 
[debug] [2021-03-26T06:01:00.050Z] >>> [apiv2][query] GET https://www.gstatic.com/firebasejs/releases.json [none]
[debug] [2021-03-26T06:01:00.192Z] <<< [apiv2][status] GET https://www.gstatic.com/firebasejs/releases.json 200
[debug] [2021-03-26T06:01:00.192Z] <<< [apiv2][body] GET https://www.gstatic.com/firebasejs/releases.json {"current":{"version":"8.3.1","browserURL":"https://www.gstatic.com/firebasejs/8.3.1/firebase.js","packageURL":"https://www.gstatic.com/firebasejs/8.3.1/firebase.tgz"},"live":{"version":"8.3","browserURL":"https://www.gstatic.com/firebasejs/live/8.3/firebase.js","packageURL":"https://www.gstatic.com/firebasejs/live/8.3/firebase.tgz"},"components":{"analytics":"https://www.gstatic.com/firebasejs/8.3.1/firebase-analytics.js","app":"https://www.gstatic.com/firebasejs/8.3.1/firebase-app.js","auth":"https://www.gstatic.com/firebasejs/8.3.1/firebase-auth.js","database":"https://www.gstatic.com/firebasejs/8.3.1/firebase-database.js","firestore":"https://www.gstatic.com/firebasejs/8.3.1/firebase-firestore.js","functions":"https://www.gstatic.com/firebasejs/8.3.1/firebase-functions.js","installations":"https://www.gstatic.com/firebasejs/8.3.1/firebase-installations.js","messaging":"https://www.gstatic.com/firebasejs/8.3.1/firebase-messaging.js","storage":"https://www.gstatic.com/firebasejs/8.3.1/firebase-storage.js","performance":"https://www.gstatic.com/firebasejs/8.3.1/firebase-performance.js","remote-config":"https://www.gstatic.com/firebasejs/8.3.1/firebase-remote-config.js","firestore.memory":"https://www.gstatic.com/firebasejs/8.3.1/firebase-firestore.memory.js"}}
[info] +  Wrote public/index.html 
[info] 
[info] i  Detected a .git folder at D:\cart 
[info] i  Authorizing with GitHub to upload your service account to a GitHub repository's secrets store. 
[info] 
[info] Visit this URL on this device to log in:
[info] https://github.com/login/oauth/authorize?client_id=89cf50f02ac6aaed3484&state=851485078&redirect_uri=http%3A%2F%2Flocalhost%3A9005&scope=read%3Auser%20repo%20public_repo
[info] 
[info] Waiting for authentication...
[debug] [2021-03-26T06:02:31.422Z] >>> HTTP REQUEST POST https://github.com/login/oauth/access_token  
 {"client_id":"89cf50f02ac6aaed3484","client_secret":"3330d14abc895d9a74d5f17cd7a00711fa2c5bf0","code":"b061f0193998bc812377","redirect_uri":"http://localhost:9005","state":"851485078"}
[debug] [2021-03-26T06:02:32.018Z] <<< HTTP RESPONSE 200 {"server":"GitHub.com","date":"Fri, 26 Mar 2021 06:02:30 GMT","content-type":"application/json; charset=utf-8","transfer-encoding":"chunked","vary":"X-PJAX, Accept-Encoding, Accept, X-Requested-With","etag":"W/\"7b6fa5d8291a126e646b7bb5cb6facf8\"","cache-control":"max-age=0, private, must-revalidate","strict-transport-security":"max-age=31536000; includeSubdomains; preload","x-frame-options":"deny","x-content-type-options":"nosniff","x-xss-protection":"0","referrer-policy":"origin-when-cross-origin, strict-origin-when-cross-origin","expect-ct":"max-age=2592000, report-uri=\"https://api.github.com/_private/browser/errors\"","content-security-policy":"default-src 'none'; base-uri 'self'; block-all-mixed-content; connect-src 'self' uploads.github.com www.githubstatus.com collector.githubapp.com api.github.com github-cloud.s3.amazonaws.com github-production-repository-file-5c1aeb.s3.amazonaws.com github-production-upload-manifest-file-7fdce7.s3.amazonaws.com github-production-user-asset-6210df.s3.amazonaws.com cdn.optimizely.com logx.optimizely.com/v1/events wss://alive.github.com; font-src github.githubassets.com; form-action 'self' github.com gist.github.com; frame-ancestors 'none'; frame-src render.githubusercontent.com; img-src 'self' data: github.githubassets.com identicons.github.com collector.githubapp.com github-cloud.s3.amazonaws.com secured-user-images.githubusercontent.com/ *.githubusercontent.com; manifest-src 'self'; media-src 'none'; script-src github.githubassets.com; style-src 'unsafe-inline' github.githubassets.com; worker-src github.com/socket-worker-6832eced.js gist.github.com/socket-worker-6832eced.js","x-github-request-id":"C198:7DE1:C75FB8:D7873F:605D78F6"}
[debug] [2021-03-26T06:02:32.428Z] >>> [apiv2][query] GET https://api.github.com/user [none]
[debug] [2021-03-26T06:02:32.854Z] <<< [apiv2][status] GET https://api.github.com/user 200
[debug] [2021-03-26T06:02:32.854Z] <<< [apiv2][body] GET https://api.github.com/user {"login":"harkamal976034","id":39235687,"node_id":"MDQ6VXNlcjM5MjM1Njg3","avatar_url":"https://avatars.githubusercontent.com/u/39235687?v=4","gravatar_id":"","url":"https://api.github.com/users/harkamal976034","html_url":"https://github.com/harkamal976034","followers_url":"https://api.github.com/users/harkamal976034/followers","following_url":"https://api.github.com/users/harkamal976034/following{/other_user}","gists_url":"https://api.github.com/users/harkamal976034/gists{/gist_id}","starred_url":"https://api.github.com/users/harkamal976034/starred{/owner}{/repo}","subscriptions_url":"https://api.github.com/users/harkamal976034/subscriptions","organizations_url":"https://api.github.com/users/harkamal976034/orgs","repos_url":"https://api.github.com/users/harkamal976034/repos","events_url":"https://api.github.com/users/harkamal976034/events{/privacy}","received_events_url":"https://api.github.com/users/harkamal976034/received_events","type":"User","site_admin":false,"name":"harkamal singh","company":null,"blog":"","location":"Patiala","email":null,"hireable":true,"bio":"Web developer (ReactJS & JavaScript)","twitter_username":"harkamall976034","public_repos":6,"public_gists":0,"followers":2,"following":1,"created_at":"2018-05-13T09:45:21Z","updated_at":"2021-03-26T06:01:55Z","private_gists":0,"total_private_repos":0,"owned_private_repos":0,"disk_usage":117311,"collaborators":0,"two_factor_authentication":true,"plan":{"name":"free","space":976562499,"collaborators":0,"private_repos":10000}}
[info] 
[info] +  Success! Logged into GitHub as harkamal976034 
[info] 
[debug] [2021-03-26T06:02:57.210Z] >>> [apiv2][query] GET https://api.github.com/repos//actions/secrets/public-key type=owner
[debug] [2021-03-26T06:02:57.909Z] <<< [apiv2][status] GET https://api.github.com/repos//actions/secrets/public-key 404
[debug] [2021-03-26T06:02:57.909Z] <<< [apiv2][body] GET https://api.github.com/repos//actions/secrets/public-key {"message":"Not Found","documentation_url":"https://docs.github.com/rest"}
[debug] [2021-03-26T06:03:03.139Z] >>> [apiv2][query] GET https://api.github.com/repos/ /actions/secrets/public-key type=owner
[debug] [2021-03-26T06:03:03.531Z] <<< [apiv2][status] GET https://api.github.com/repos/ /actions/secrets/public-key 404
[debug] [2021-03-26T06:03:03.532Z] <<< [apiv2][body] GET https://api.github.com/repos/ /actions/secrets/public-key {"message":"Not Found","documentation_url":"https://docs.github.com/rest"}
